1681262873911	geckodriver	INFO	Listening on 127.0.0.1:59629
1681262874437	mozrunner::runner	INFO	Running command: "/Applications/Firefox.app/Contents/MacOS/firefox-bin" "--marionette" "--remote-debugging-port" "59630" "--remote-allow-hosts" "localhost" "-foreground" "-no-remote" "-profile" "/var/folders/mw/rssk_hx97dsdq43_5cxlxpj40000gn/T/rust_mozprofileZqHwnZ"
console.warn: services.settings: Ignoring preference override of remote settings server
console.warn: services.settings: Allow by setting MOZ_REMOTE_SETTINGS_DEVTOOLS=1 in the environment
1681262875148	Marionette	INFO	Marionette enabled
1681262875216	Marionette	INFO	Listening on port 59640
console.error: "Warning: unrecognized command line flag -remote-allow-hosts\n"
2023-04-12 09:27:55.274 plugin-container[2480:4601213] nil host used in call to allowsSpecificHTTPSCertificateForHost
2023-04-12 09:27:55.274 plugin-container[2480:4601213] nil host used in call to allowsAnyHTTPSCertificateForHost:
Read port: 59640
2023-04-12 09:27:55.280 plugin-container[2480:4601213] nil host used in call to allowsSpecificHTTPSCertificateForHost
2023-04-12 09:27:55.280 plugin-container[2480:4601213] nil host used in call to allowsAnyHTTPSCertificateForHost:
2023-04-12 09:27:55.280 plugin-container[2480:4601210] nil host used in call to allowsSpecificHTTPSCertificateForHost
2023-04-12 09:27:55.280 plugin-container[2480:4601210] nil host used in call to allowsAnyHTTPSCertificateForHost:
WebDriver BiDi listening on ws://127.0.0.1:59630
1681262875310	RemoteAgent	WARN	TLS certificate errors will be ignored for this session
UNSUPPORTED (log once): POSSIBLE ISSUE: unit 1 GLD_TEXTURE_INDEX_2D is unloadable and bound to sampler type (Float) - using zero texture because texture unloadable
console.warn: SearchSettings: "get: No settings file exists, new profile?" (new NotFoundError("Could not open the file at /var/folders/mw/rssk_hx97dsdq43_5cxlxpj40000gn/T/rust_mozprofileZqHwnZ/search.json.mozlz4", (void 0)))
2023-04-12 01:27:56.187 plugin-container[2483:4601434] nil host used in call to allowsSpecificHTTPSCertificateForHost
2023-04-12 01:27:56.187 plugin-container[2483:4601434] nil host used in call to allowsAnyHTTPSCertificateForHost:
2023-04-12 01:27:56.188 plugin-container[2483:4601434] nil host used in call to allowsSpecificHTTPSCertificateForHost
2023-04-12 01:27:56.188 plugin-container[2483:4601434] nil host used in call to allowsAnyHTTPSCertificateForHost:
2023-04-12 01:27:56.188 plugin-container[2483:4601435] nil host used in call to allowsSpecificHTTPSCertificateForHost
2023-04-12 01:27:56.188 plugin-container[2483:4601435] nil host used in call to allowsAnyHTTPSCertificateForHost:
DevTools listening on ws://127.0.0.1:59630/devtools/browser/e7b531e8-8510-422d-babb-b2a5f16be76d
A content process crashed and MOZ_CRASHREPORTER_SHUTDOWN is set, shutting down
1681263021221	Marionette	INFO	Stopped listening on port 59640
